<?xml version="1.0" encoding="UTF-8"?>
<!-- Generated by org.testng.reporters.JUnitXMLReporter -->
<testsuite ignored="10" hostname="mrutunjay" failures="0" tests="5" name="Test" time="79.995" errors="0" timestamp="2024-09-10T18:56:20 IST">
  <testcase classname="advanceSelenium.DWS_TC_006Myaccount" name="toCheckBookPage" time="0.682"/>
  <testcase classname="advanceSelenium.DWS_TC_010PopularTags" name="popularTags" time="14.967"/>
  <testcase classname="advanceSelenium.DWS_TC_013AddToCompair" name="addToCompair" time="2.849"/>
  <testcase classname="advanceSelenium.DWS_TC_005AddProductToCart" name="addProduct" time="2.786"/>
  <testcase classname="advanceSelenium.DWS_TC_007FollowUs" name="toCheckBookPage" time="0.262"/>
  <testcase classname="advanceSelenium.DWS_TC_009ElectronicsDropdown" name="electronicsDropdown" time="0.0">
    <ignored/>
  </testcase> <!-- electronicsDropdown -->
  <testcase classname="advanceSelenium.DWS_TC_011ContactUs" name="contactUs" time="0.0">
    <ignored/>
  </testcase> <!-- contactUs -->
  <testcase classname="advanceSelenium.DWS_TC_003Subscribe" name="toCheckBookPage" time="0.0">
    <ignored/>
  </testcase> <!-- toCheckBookPage -->
  <testcase classname="advanceSelenium.DWS_TC_001Book" name="toCheckBookPage" time="0.0">
    <ignored/>
  </testcase> <!-- toCheckBookPage -->
  <testcase classname="advanceSelenium.DWS_TC_012AddAddress" name="addAddress" time="0.0">
    <ignored/>
  </testcase> <!-- addAddress -->
  <testcase classname="advanceSelenium.DWS_TC_002ComputerAccessories" name="toCheckBookPage" time="0.0">
    <ignored/>
  </testcase> <!-- toCheckBookPage -->
  <testcase classname="advanceSelenium.DWS_TC_008Order" name="order" time="0.0">
    <ignored/>
  </testcase> <!-- order -->
  <testcase classname="advanceSelenium.DWS_TC_015ClickOnTricentis" name="clickOnTricentis" time="0.0">
    <ignored/>
  </testcase> <!-- clickOnTricentis -->
  <testcase classname="advanceSelenium.DWS_TC_004SearchProduct" name="toCheckBookPage" time="0.0">
    <ignored/>
  </testcase> <!-- toCheckBookPage -->
  <testcase classname="advanceSelenium.DWS_TC_014SendMailToFraind" name="sendMail" time="0.0">
    <ignored/>
  </testcase> <!-- sendMail -->
</testsuite> <!-- Test -->
